> Task :app:preBuild UP-TO-DATE
> Task :app:preDebugBuild UP-TO-DATE
> Task :app:mergeDebugNativeDebugMetadata NO-SOURCE
> Task :app:checkKotlinGradlePluginConfigurationErrors
> Task :app:dataBindingMergeDependencyArtifactsDebug UP-TO-DATE
> Task :app:generateDebugResValues UP-TO-DATE
> Task :app:generateDebugResources UP-TO-DATE
> Task :app:injectCrashlyticsMappingFileIdDebug UP-TO-DATE
> Task :app:processDebugGoogleServices UP-TO-DATE
> Task :app:mergeDebugResources UP-TO-DATE
> Task :app:packageDebugResources UP-TO-DATE
> Task :app:parseDebugLocalResources UP-TO-DATE
> Task :app:dataBindingGenBaseClassesDebug UP-TO-DATE
> Task :app:checkDebugAarMetadata UP-TO-DATE
> Task :app:mapDebugSourceSetPaths UP-TO-DATE
> Task :app:createDebugCompatibleScreenManifests UP-TO-DATE
> Task :app:extractDeepLinksDebug UP-TO-DATE
> Task :app:processDebugMainManifest UP-TO-DATE
> Task :app:processDebugManifest UP-TO-DATE
> Task :app:processDebugManifestForPackage UP-TO-DATE
> Task :app:processDebugResources UP-TO-DATE
> Task :app:kaptGenerateStubsDebugKotlin UP-TO-DATE
> Task :app:kaptDebugKotlin UP-TO-DATE
> Task :app:javaPreCompileDebug UP-TO-DATE
> Task :app:mergeDebugShaders UP-TO-DATE
> Task :app:compileDebugShaders NO-SOURCE
> Task :app:generateDebugAssets UP-TO-DATE
> Task :app:mergeDebugAssets UP-TO-DATE
> Task :app:compressDebugAssets UP-TO-DATE
> Task :app:checkDebugDuplicateClasses UP-TO-DATE
> Task :app:desugarDebugFileDependencies UP-TO-DATE
> Task :app:mergeExtDexDebug UP-TO-DATE
> Task :app:mergeLibDexDebug UP-TO-DATE
> Task :app:mergeDebugJniLibFolders UP-TO-DATE
> Task :app:mergeDebugNativeLibs NO-SOURCE
> Task :app:stripDebugDebugSymbols NO-SOURCE
> Task :app:validateSigningDebug UP-TO-DATE
> Task :app:writeDebugAppMetadata UP-TO-DATE
> Task :app:writeDebugSigningConfigVersions UP-TO-DATE

> Task :app:compileDebugKotlin FAILED
.\gradlew.bat : e: file:///C:/Users/90538
/AndroidStudioProjects/oyun/app/src/main/
java/com/example/oyun/data/HybridQuestion
Repository.kt:135:59 Not enough informati
on to infer type variable T
At line:1 char:1
+ .\gradlew.bat assembleDebug --stacktrac
e 2>&1 | Out-File -FilePath fi ...
+ ~~~~~~~~~~~~~~~~~~~~~~~~~~~~~~~~~~~~~~~
~~~~~~
    + CategoryInfo          : NotSpecifi 
   ed: (e: file:///C:/U...type variable  
   T:String) [], RemoteException
    + FullyQualifiedErrorId : NativeComm 
   andError
 
e: file:///C:/Users/90538/AndroidStudioPr
ojects/oyun/app/src/main/java/com/example
/oyun/data/HybridQuestionRepository.kt:19
1:71 Unresolved reference: level
e: file:///C:/Users/90538/AndroidStudioPr
ojects/oyun/app/src/main/java/com/example
/oyun/data/HybridQuestionRepository.kt:21
8:47 Unresolved reference: level
e: file:///C:/Users/90538/AndroidStudioPr
ojects/oyun/app/src/main/java/com/example
/oyun/data/HybridQuestionRepository.kt:23
6:27 Unresolved reference: id
e: file:///C:/Users/90538/AndroidStudioPr
ojects/oyun/app/src/main/java/com/example
/oyun/data/HybridQuestionRepository.kt:24
1:35 Type mismatch: inferred type is Unit
 but Comparable<TypeVariable(R)> was expe
cted
e: file:///C:/Users/90538/AndroidStudioPr
ojects/oyun/app/src/main/java/com/example
/oyun/data/HybridQuestionRepository.kt:24
1:35 Type mismatch: inferred type is Unit
 but Comparable<Unit> was expected
e: file:///C:/Users/90538/AndroidStudioPr
ojects/oyun/app/src/main/java/com/example
/oyun/data/HybridQuestionRepository.kt:24
1:40 Unresolved reference: id
e: file:///C:/Users/90538/AndroidStudioPr
ojects/oyun/app/src/main/java/com/example
/oyun/data/HybridQuestionRepository.kt:25
5:43 Unresolved reference. None of the fo
llowing candidates is applicable because 
of receiver type mismatch: 
public val Char.category: CharCategory de
fined in kotlin.text
e: file:///C:/Users/90538/AndroidStudioPr
ojects/oyun/app/src/main/java/com/example
/oyun/data/HybridQuestionRepository.kt:29
4:36 Unresolved reference: level
e: file:///C:/Users/90538/AndroidStudioPr
ojects/oyun/app/src/main/java/com/example
/oyun/data/HybridQuestionRepository.kt:36
7:9 Cannot find a parameter with this nam
e: id
e: file:///C:/Users/90538/AndroidStudioPr
ojects/oyun/app/src/main/java/com/example
/oyun/data/HybridQuestionRepository.kt:36
9:9 Cannot find a parameter with this nam
e: optionA
e: file:///C:/Users/90538/AndroidStudioPr
ojects/oyun/app/src/main/java/com/example
/oyun/data/HybridQuestionRepository.kt:37
0:9 Cannot find a parameter with this nam
e: optionB
e: file:///C:/Users/90538/AndroidStudioPr
ojects/oyun/app/src/main/java/com/example
/oyun/data/HybridQuestionRepository.kt:37
1:9 Cannot find a parameter with this nam
e: optionC
e: file:///C:/Users/90538/AndroidStudioPr
ojects/oyun/app/src/main/java/com/example
/oyun/data/HybridQuestionRepository.kt:37
2:9 Cannot find a parameter with this nam
e: optionD
e: file:///C:/Users/90538/AndroidStudioPr
ojects/oyun/app/src/main/java/com/example
/oyun/data/HybridQuestionRepository.kt:37
3:9 Cannot find a parameter with this nam
e: correctAnswer
e: file:///C:/Users/90538/AndroidStudioPr
ojects/oyun/app/src/main/java/com/example
/oyun/data/HybridQuestionRepository.kt:37
4:9 Cannot find a parameter with this nam
e: imageName
e: file:///C:/Users/90538/AndroidStudioPr
ojects/oyun/app/src/main/java/com/example
/oyun/data/HybridQuestionRepository.kt:37
5:9 Cannot find a parameter with this nam
e: level
e: file:///C:/Users/90538/AndroidStudioPr
ojects/oyun/app/src/main/java/com/example
/oyun/data/HybridQuestionRepository.kt:37
6:9 Cannot find a parameter with this nam
e: category
e: file:///C:/Users/90538/AndroidStudioPr
ojects/oyun/app/src/main/java/com/example
/oyun/data/HybridQuestionRepository.kt:37
6:9 No value passed for parameter 'option
s'
e: file:///C:/Users/90538/AndroidStudioPr
ojects/oyun/app/src/main/java/com/example
/oyun/data/HybridQuestionRepository.kt:37
6:9 No value passed for parameter 'correc
tAnswerIndex'
e: file:///C:/Users/90538/AndroidStudioPr
ojects/oyun/app/src/main/java/com/example
/oyun/managers/AdManager.kt:32:42 Unresol
ved reference: BuildConfig
e: file:///C:/Users/90538/AndroidStudioPr
ojects/oyun/app/src/main/java/com/example
/oyun/managers/AdManager.kt:35:42 Unresol
ved reference: BuildConfig
e: file:///C:/Users/90538/AndroidStudioPr
ojects/oyun/app/src/main/java/com/example
/oyun/managers/AdManager.kt:38:42 Unresol
ved reference: BuildConfig
e: file:///C:/Users/90538/AndroidStudioPr
ojects/oyun/app/src/main/java/com/example
/oyun/ui/category/CategoryViewModel.kt:49
:55 Unresolved reference. None of the fol
lowing candidates is applicable because o
f receiver type mismatch: 
public val Char.category: CharCategory de
fined in kotlin.text
e: file:///C:/Users/90538/AndroidStudioPr
ojects/oyun/app/src/main/java/com/example
/oyun/ui/category/CategoryViewModel.kt:52
:40 Type mismatch: inferred type is Map<U
nit, Int> but Map<String, Int> was expect
ed
e: file:///C:/Users/90538/AndroidStudioPr
ojects/oyun/app/src/main/java/com/example
/oyun/ui/category/CategoryViewModel.kt:62
:41 Type inference failed. The value of t
he type parameter K should be mentioned i
n input types (argument types, receiver t
ype or expected type). Try to specify it 
explicitly.
e: file:///C:/Users/90538/AndroidStudioPr
ojects/oyun/app/src/main/java/com/example
/oyun/ui/category/CategoryViewModel.kt:70
:41 Type inference failed. The value of t
he type parameter K should be mentioned i
n input types (argument types, receiver t
ype or expected type). Try to specify it 
explicitly.
e: file:///C:/Users/90538/AndroidStudioPr
ojects/oyun/app/src/main/java/com/example
/oyun/ui/category/CategoryViewModel.kt:78
:41 Type inference failed. The value of t
he type parameter K should be mentioned i
n input types (argument types, receiver t
ype or expected type). Try to specify it 
explicitly.
e: file:///C:/Users/90538/AndroidStudioPr
ojects/oyun/app/src/main/java/com/example
/oyun/ui/category/CategoryViewModel.kt:86
:41 Type inference failed. The value of t
he type parameter K should be mentioned i
n input types (argument types, receiver t
ype or expected type). Try to specify it 
explicitly.
e: file:///C:/Users/90538/AndroidStudioPr
ojects/oyun/app/src/main/java/com/example
/oyun/ui/category/CategoryViewModel.kt:94
:41 Type inference failed. The value of t
he type parameter K should be mentioned i
n input types (argument types, receiver t
ype or expected type). Try to specify it 
explicitly.
e: file:///C:/Users/90538/AndroidStudioPr
ojects/oyun/app/src/main/java/com/example
/oyun/ui/category/CategoryViewModel.kt:10
2:41 Type inference failed. The value of 
the type parameter K should be mentioned 
in input types (argument types, receiver 
type or expected type). Try to specify it
 explicitly.
e: file:///C:/Users/90538/AndroidStudioPr
ojects/oyun/app/src/main/java/com/example
/oyun/ui/category/CategoryViewModel.kt:10
3:36 Type inference failed. The value of 
the type parameter K should be mentioned 
in input types (argument types, receiver 
type or expected type). Try to specify it
 explicitly.
e: file:///C:/Users/90538/AndroidStudioPr
ojects/oyun/app/src/main/java/com/example
/oyun/ui/category/CategoryViewModel.kt:11
2:41 Type inference failed. The value of 
the type parameter K should be mentioned 
in input types (argument types, receiver 
type or expected type). Try to specify it
 explicitly.
e: file:///C:/Users/90538/AndroidStudioPr
ojects/oyun/app/src/main/java/com/example
/oyun/ui/category/CategoryViewModel.kt:11
3:36 Type inference failed. The value of 
the type parameter K should be mentioned 
in input types (argument types, receiver 
type or expected type). Try to specify it
 explicitly.
e: file:///C:/Users/90538/AndroidStudioPr
ojects/oyun/app/src/main/java/com/example
/oyun/ui/onboarding/TutorialActivity.kt:9
:37 Unresolved reference: ActivityTutoria
lBinding
e: file:///C:/Users/90538/AndroidStudioPr
ojects/oyun/app/src/main/java/com/example
/oyun/ui/onboarding/TutorialActivity.kt:2
8:35 Unresolved reference: ActivityTutori
alBinding
e: file:///C:/Users/90538/AndroidStudioPr
ojects/oyun/app/src/main/java/com/example
/oyun/ui/onboarding/TutorialActivity.kt:2
9:35 Unresolved reference: TutorialPagerA
dapter
e: file:///C:/Users/90538/AndroidStudioPr
ojects/oyun/app/src/main/java/com/example
/oyun/ui/onboarding/TutorialActivity.kt:5
6:35 Unresolved reference: onboarding_mul
tiplayer
e: file:///C:/Users/90538/AndroidStudioPr
ojects/oyun/app/src/main/java/com/example
/oyun/ui/onboarding/TutorialActivity.kt:6
1:35 Unresolved reference: onboarding_ach
ievements
e: file:///C:/Users/90538/AndroidStudioPr
ojects/oyun/app/src/main/java/com/example
/oyun/ui/onboarding/TutorialActivity.kt:6
6:35 Unresolved reference: onboarding_sta
rt
e: file:///C:/Users/90538/AndroidStudioPr
ojects/oyun/app/src/main/java/com/example
/oyun/ui/onboarding/TutorialActivity.kt:7
2:19 Unresolved reference: ActivityTutori
alBinding
e: file:///C:/Users/90538/AndroidStudioPr
ojects/oyun/app/src/main/java/com/example
/oyun/ui/onboarding/TutorialActivity.kt:8
0:19 Unresolved reference: TutorialPagerA
dapter
e: file:///C:/Users/90538/AndroidStudioPr
ojects/oyun/app/src/main/java/com/example
/oyun/ui/onboarding/TutorialActivity.kt:8
1:27 Variable expected
e: file:///C:/Users/90538/AndroidStudioPr
ojects/oyun/app/src/main/java/com/example
/oyun/ui/onboarding/TutorialActivity.kt:1
02:35 Variable expected
e: file:///C:/Users/90538/AndroidStudioPr
ojects/oyun/app/src/main/java/com/example
/oyun/ui/onboarding/TutorialActivity.kt:1
11:35 Variable expected
e: file:///C:/Users/90538/AndroidStudioPr
ojects/oyun/app/src/main/java/com/example
/oyun/ui/onboarding/TutorialActivity.kt:1
18:25 Variable expected
e: file:///C:/Users/90538/AndroidStudioPr
ojects/oyun/app/src/main/java/com/example
/oyun/ui/onboarding/TutorialActivity.kt:1
26:29 Variable expected
e: file:///C:/Users/90538/AndroidStudioPr
ojects/oyun/app/src/main/java/com/example
/oyun/ui/onboarding/TutorialActivity.kt:1
27:29 Variable expected
e: file:///C:/Users/90538/AndroidStudioPr
ojects/oyun/app/src/main/java/com/example
/oyun/ui/onboarding/TutorialActivity.kt:1
29:29 Variable expected
e: file:///C:/Users/90538/AndroidStudioPr
ojects/oyun/app/src/main/java/com/example
/oyun/ui/onboarding/TutorialActivity.kt:1
30:29 Variable expected


[Incubating] Problems report is available at: file:///C:/Users/90538/AndroidStudioProjects/oyun/build/reports/problems/problems-report.html
FAILURE: Build failed with an exception.

* What went wrong:
Execution failed for task ':app:compileDe
bugKotlin'.
> A failure occurred while executing org.
jetbrains.kotlin.compilerRunner.GradleCom
pilerRunnerWithWorkers$GradleKotlinCompil
erWorkAction
   > Compilation error. See log for more 
details

* Try:
> Run with --info or --debug option to ge
t more log output.
> Run with --scan to get full insights.
> Get more help at https://help.gradle.or
g.

* Exception is:
org.gradle.api.tasks.TaskExecutionExcepti
on: Execution failed for task ':app:compi
leDebugKotlin'.
	at org.gradle.api.internal.tasks.executi
on.ExecuteActionsTaskExecuter.lambda$exec
uteIfValid$1(ExecuteActionsTaskExecuter.j
ava:130)
	at org.gradle.internal.Try$Failure.ifSuc
cessfulOrElse(Try.java:293)
	at org.gradle.api.internal.tasks.executi
on.ExecuteActionsTaskExecuter.executeIfVa
lid(ExecuteActionsTaskExecuter.java:128)
	at org.gradle.api.internal.tasks.executi
on.ExecuteActionsTaskExecuter.execute(Exe
cuteActionsTaskExecuter.java:116)
	at org.gradle.api.internal.tasks.executi
on.ProblemsTaskPathTrackingTaskExecuter.e
xecute(ProblemsTaskPathTrackingTaskExecut
er.java:40)
	at org.gradle.api.internal.tasks.executi
on.FinalizePropertiesTaskExecuter.execute
(FinalizePropertiesTaskExecuter.java:46)
	at org.gradle.api.internal.tasks.executi
on.ResolveTaskExecutionModeExecuter.execu
te(ResolveTaskExecutionModeExecuter.java:
51)
	at org.gradle.api.internal.tasks.executi
on.SkipTaskWithNoActionsExecuter.execute(
SkipTaskWithNoActionsExecuter.java:57)
	at org.gradle.api.internal.tasks.executi
on.SkipOnlyIfTaskExecuter.execute(SkipOnl
yIfTaskExecuter.java:74)
	at org.gradle.api.internal.tasks.executi
on.CatchExceptionTaskExecuter.execute(Cat
chExceptionTaskExecuter.java:36)
	at org.gradle.api.internal.tasks.executi
on.EventFiringTaskExecuter$1.executeTask(
EventFiringTaskExecuter.java:77)
	at org.gradle.api.internal.tasks.executi
on.EventFiringTaskExecuter$1.call(EventFi
ringTaskExecuter.java:55)
	at org.gradle.api.internal.tasks.executi
on.EventFiringTaskExecuter$1.call(EventFi
ringTaskExecuter.java:52)
	at org.gradle.internal.operations.Defaul
tBuildOperationRunner$CallableBuildOperat
ionWorker.execute(DefaultBuildOperationRu
nner.java:210)
	at org.gradle.internal.operations.Defaul
tBuildOperationRunner$CallableBuildOperat
ionWorker.execute(DefaultBuildOperationRu
nner.java:205)
	at org.gradle.internal.operations.Defaul
tBuildOperationRunner$2.execute(DefaultBu
ildOperationRunner.java:67)
	at org.gradle.internal.operations.Defaul
tBuildOperationRunner$2.execute(DefaultBu
ildOperationRunner.java:60)
	at org.gradle.internal.operations.Defaul
tBuildOperationRunner.execute(DefaultBuil
dOperationRunner.java:167)
	at org.gradle.internal.operations.Defaul
tBuildOperationRunner.execute(DefaultBuil
dOperationRunner.java:60)
	at org.gradle.internal.operations.Defaul
tBuildOperationRunner.call(DefaultBuildOp
erationRunner.java:54)
	at org.gradle.api.internal.tasks.executi
on.EventFiringTaskExecuter.execute(EventF
iringTaskExecuter.java:52)
	at org.gradle.execution.plan.LocalTaskNo
deExecutor.execute(LocalTaskNodeExecutor.
java:42)
	at org.gradle.execution.taskgraph.Defaul
tTaskExecutionGraph$InvokeNodeExecutorsAc
tion.execute(DefaultTaskExecutionGraph.ja
va:331)
	at org.gradle.execution.taskgraph.Defaul
tTaskExecutionGraph$InvokeNodeExecutorsAc
tion.execute(DefaultTaskExecutionGraph.ja
va:318)
	at org.gradle.execution.taskgraph.Defaul
tTaskExecutionGraph$BuildOperationAwareEx
ecutionAction.lambda$execute$0(DefaultTas
kExecutionGraph.java:314)
	at org.gradle.internal.operations.Curren
tBuildOperationRef.with(CurrentBuildOpera
tionRef.java:85)
	at org.gradle.execution.taskgraph.Defaul
tTaskExecutionGraph$BuildOperationAwareEx
ecutionAction.execute(DefaultTaskExecutio
nGraph.java:314)
	at org.gradle.execution.taskgraph.Defaul
tTaskExecutionGraph$BuildOperationAwareEx
ecutionAction.execute(DefaultTaskExecutio
nGraph.java:303)
	at org.gradle.execution.plan.DefaultPlan
Executor$ExecutorWorker.execute(DefaultPl
anExecutor.java:459)
	at org.gradle.execution.plan.DefaultPlan
Executor$ExecutorWorker.run(DefaultPlanEx
ecutor.java:376)
	at org.gradle.internal.concurrent.Execut
orPolicy$CatchAndRecordFailures.onExecute
(ExecutorPolicy.java:64)
	at org.gradle.internal.concurrent.Abstra
ctManagedExecutor$1.run(AbstractManagedEx
ecutor.java:48)
Caused by: org.gradle.workers.internal.De
faultWorkerExecutor$WorkExecutionExceptio
n: A failure occurred while executing org
.jetbrains.kotlin.compilerRunner.GradleCo
mpilerRunnerWithWorkers$GradleKotlinCompi
lerWorkAction
	at org.gradle.workers.internal.DefaultWo
rkerExecutor$WorkItemExecution.waitForCom
pletion(DefaultWorkerExecutor.java:287)
	at org.gradle.internal.work.DefaultAsync
WorkTracker.lambda$waitForItemsAndGatherF
ailures$2(DefaultAsyncWorkTracker.java:13
0)
	at org.gradle.internal.Factories$1.creat
e(Factories.java:31)
	at org.gradle.internal.work.DefaultWorke
rLeaseService.withoutLocks(DefaultWorkerL
easeService.java:335)
	at org.gradle.internal.work.DefaultWorke
rLeaseService.withoutLocks(DefaultWorkerL
easeService.java:318)
	at org.gradle.internal.work.DefaultWorke
rLeaseService.withoutLock(DefaultWorkerLe
aseService.java:323)
	at org.gradle.internal.work.DefaultAsync
WorkTracker.waitForItemsAndGatherFailures
(DefaultAsyncWorkTracker.java:126)
	at org.gradle.internal.work.DefaultAsync
WorkTracker.waitForItemsAndGatherFailures
(DefaultAsyncWorkTracker.java:92)
	at org.gradle.internal.work.DefaultAsync
WorkTracker.waitForAll(DefaultAsyncWorkTr
acker.java:78)
	at org.gradle.internal.work.DefaultAsync
WorkTracker.waitForCompletion(DefaultAsyn
cWorkTracker.java:66)
	at org.gradle.api.internal.tasks.executi
on.TaskExecution$3.run(TaskExecution.java
:252)
	at org.gradle.internal.operations.Defaul
tBuildOperationRunner$1.execute(DefaultBu
ildOperationRunner.java:30)
	at org.gradle.internal.operations.Defaul
tBuildOperationRunner$1.execute(DefaultBu
ildOperationRunner.java:27)
	at org.gradle.internal.operations.Defaul
tBuildOperationRunner$2.execute(DefaultBu
ildOperationRunner.java:67)
	at org.gradle.internal.operations.Defaul
tBuildOperationRunner$2.execute(DefaultBu
ildOperationRunner.java:60)
	at org.gradle.internal.operations.Defaul
tBuildOperationRunner.execute(DefaultBuil
dOperationRunner.java:167)
	at org.gradle.internal.operations.Defaul
tBuildOperationRunner.execute(DefaultBuil
dOperationRunner.java:60)
	at org.gradle.internal.operations.Defaul
tBuildOperationRunner.run(DefaultBuildOpe
rationRunner.java:48)
	at org.gradle.api.internal.tasks.executi
on.TaskExecution.executeAction(TaskExecut
ion.java:229)
	at org.gradle.api.internal.tasks.executi
on.TaskExecution.executeActions(TaskExecu
tion.java:212)
	at org.gradle.api.internal.tasks.executi
on.TaskExecution.executeWithPreviousOutpu
tFiles(TaskExecution.java:195)
	at org.gradle.api.internal.tasks.executi
on.TaskExecution.execute(TaskExecution.ja
va:162)
	at org.gradle.internal.execution.steps.E
xecuteStep.executeInternal(ExecuteStep.ja
va:105)
	at org.gradle.internal.execution.steps.E
xecuteStep.access$000(ExecuteStep.java:44
)
	at org.gradle.internal.execution.steps.E
xecuteStep$1.call(ExecuteStep.java:59)
	at org.gradle.internal.execution.steps.E
xecuteStep$1.call(ExecuteStep.java:56)
	at org.gradle.internal.operations.Defaul
tBuildOperationRunner$CallableBuildOperat
ionWorker.execute(DefaultBuildOperationRu
nner.java:210)
	at org.gradle.internal.operations.Defaul
tBuildOperationRunner$CallableBuildOperat
ionWorker.execute(DefaultBuildOperationRu
nner.java:205)
	at org.gradle.internal.operations.Defaul
tBuildOperationRunner$2.execute(DefaultBu
ildOperationRunner.java:67)
	at org.gradle.internal.operations.Defaul
tBuildOperationRunner$2.execute(DefaultBu
ildOperationRunner.java:60)
	at org.gradle.internal.operations.Defaul
tBuildOperationRunner.execute(DefaultBuil
dOperationRunner.java:167)
	at org.gradle.internal.operations.Defaul
tBuildOperationRunner.execute(DefaultBuil
dOperationRunner.java:60)
	at org.gradle.internal.operations.Defaul
tBuildOperationRunner.call(DefaultBuildOp
erationRunner.java:54)
	at org.gradle.internal.execution.steps.E
xecuteStep.execute(ExecuteStep.java:56)
	at org.gradle.internal.execution.steps.E
xecuteStep.execute(ExecuteStep.java:44)
	at org.gradle.internal.execution.steps.C
ancelExecutionStep.execute(CancelExecutio
nStep.java:42)
	at org.gradle.internal.execution.steps.T
imeoutStep.executeWithoutTimeout(TimeoutS
tep.java:75)
	at org.gradle.internal.execution.steps.T
imeoutStep.execute(TimeoutStep.java:55)
	at org.gradle.internal.execution.steps.P
reCreateOutputParentsStep.execute(PreCrea
teOutputParentsStep.java:50)
	at org.gradle.internal.execution.steps.P
reCreateOutputParentsStep.execute(PreCrea
teOutputParentsStep.java:28)
	at org.gradle.internal.execution.steps.R
emovePreviousOutputsStep.execute(RemovePr
eviousOutputsStep.java:67)
	at org.gradle.internal.execution.steps.R
emovePreviousOutputsStep.execute(RemovePr
eviousOutputsStep.java:37)
	at org.gradle.internal.execution.steps.B
roadcastChangingOutputsStep.execute(Broad
castChangingOutputsStep.java:61)
	at org.gradle.internal.execution.steps.B
roadcastChangingOutputsStep.execute(Broad
castChangingOutputsStep.java:26)
	at org.gradle.internal.execution.steps.C
aptureOutputsAfterExecutionStep.execute(C
aptureOutputsAfterExecutionStep.java:69)
	at org.gradle.internal.execution.steps.C
aptureOutputsAfterExecutionStep.execute(C
aptureOutputsAfterExecutionStep.java:46)
	at org.gradle.internal.execution.steps.R
esolveInputChangesStep.execute(ResolveInp
utChangesStep.java:40)
	at org.gradle.internal.execution.steps.R
esolveInputChangesStep.execute(ResolveInp
utChangesStep.java:29)
	at org.gradle.internal.execution.steps.B
uildCacheStep.executeWithoutCache(BuildCa
cheStep.java:189)
	at org.gradle.internal.execution.steps.B
uildCacheStep.lambda$execute$1(BuildCache
Step.java:75)
	at org.gradle.internal.Either$Right.fold
(Either.java:175)
	at org.gradle.internal.execution.caching
.CachingState.fold(CachingState.java:62)
	at org.gradle.internal.execution.steps.B
uildCacheStep.execute(BuildCacheStep.java
:73)
	at org.gradle.internal.execution.steps.B
uildCacheStep.execute(BuildCacheStep.java
:48)
	at org.gradle.internal.execution.steps.S
toreExecutionStateStep.execute(StoreExecu
tionStateStep.java:46)
	at org.gradle.internal.execution.steps.S
toreExecutionStateStep.execute(StoreExecu
tionStateStep.java:35)
	at org.gradle.internal.execution.steps.S
kipUpToDateStep.executeBecause(SkipUpToDa
teStep.java:75)
	at org.gradle.internal.execution.steps.S
kipUpToDateStep.lambda$execute$2(SkipUpTo
DateStep.java:53)
	at org.gradle.internal.execution.steps.S
kipUpToDateStep.execute(SkipUpToDateStep.
java:53)
	at org.gradle.internal.execution.steps.S
kipUpToDateStep.execute(SkipUpToDateStep.
java:35)
	at org.gradle.internal.execution.steps.l
egacy.MarkSnapshottingInputsFinishedStep.
execute(MarkSnapshottingInputsFinishedSte
p.java:37)
	at org.gradle.internal.execution.steps.l
egacy.MarkSnapshottingInputsFinishedStep.
execute(MarkSnapshottingInputsFinishedSte
p.java:27)
	at org.gradle.internal.execution.steps.R
esolveIncrementalCachingStateStep.execute
Delegate(ResolveIncrementalCachingStateSt
ep.java:49)
	at org.gradle.internal.execution.steps.R
esolveIncrementalCachingStateStep.execute
Delegate(ResolveIncrementalCachingStateSt
ep.java:27)
	at org.gradle.internal.execution.steps.A
bstractResolveCachingStateStep.execute(Ab
stractResolveCachingStateStep.java:71)
	at org.gradle.internal.execution.steps.A
bstractResolveCachingStateStep.execute(Ab
stractResolveCachingStateStep.java:39)
	at org.gradle.internal.execution.steps.R
esolveChangesStep.execute(ResolveChangesS
tep.java:65)
	at org.gradle.internal.execution.steps.R
esolveChangesStep.execute(ResolveChangesS
tep.java:36)
	at org.gradle.internal.execution.steps.V
alidateStep.execute(ValidateStep.java:107
)
	at org.gradle.internal.execution.steps.V
alidateStep.execute(ValidateStep.java:56)
	at org.gradle.internal.execution.steps.A
bstractCaptureStateBeforeExecutionStep.ex
ecute(AbstractCaptureStateBeforeExecution
Step.java:64)
	at org.gradle.internal.execution.steps.A
bstractCaptureStateBeforeExecutionStep.ex
ecute(AbstractCaptureStateBeforeExecution
Step.java:43)
	at org.gradle.internal.execution.steps.A
bstractSkipEmptyWorkStep.executeWithNonEm
ptySources(AbstractSkipEmptyWorkStep.java
:125)
	at org.gradle.internal.execution.steps.A
bstractSkipEmptyWorkStep.execute(Abstract
SkipEmptyWorkStep.java:61)
	at org.gradle.internal.execution.steps.A
bstractSkipEmptyWorkStep.execute(Abstract
SkipEmptyWorkStep.java:36)
	at org.gradle.internal.execution.steps.l
egacy.MarkSnapshottingInputsStartedStep.e
xecute(MarkSnapshottingInputsStartedStep.
java:38)
	at org.gradle.internal.execution.steps.L
oadPreviousExecutionStateStep.execute(Loa
dPreviousExecutionStateStep.java:36)
	at org.gradle.internal.execution.steps.L
oadPreviousExecutionStateStep.execute(Loa
dPreviousExecutionStateStep.java:23)
	at org.gradle.internal.execution.steps.H
andleStaleOutputsStep.execute(HandleStale
OutputsStep.java:75)
	at org.gradle.internal.execution.steps.H
andleStaleOutputsStep.execute(HandleStale
OutputsStep.java:41)
	at org.gradle.internal.execution.steps.A
ssignMutableWorkspaceStep.lambda$execute$
0(AssignMutableWorkspaceStep.java:35)
	at org.gradle.api.internal.tasks.executi
on.TaskExecution$4.withWorkspace(TaskExec
ution.java:289)
	at org.gradle.internal.execution.steps.A
ssignMutableWorkspaceStep.execute(AssignM
utableWorkspaceStep.java:31)
	at org.gradle.internal.execution.steps.A
ssignMutableWorkspaceStep.execute(AssignM
utableWorkspaceStep.java:22)
	at org.gradle.internal.execution.steps.C
hoosePipelineStep.execute(ChoosePipelineS
tep.java:40)
	at org.gradle.internal.execution.steps.C
hoosePipelineStep.execute(ChoosePipelineS
tep.java:23)
	at org.gradle.internal.execution.steps.E
xecuteWorkBuildOperationFiringStep.lambda
$execute$2(ExecuteWorkBuildOperationFirin
gStep.java:67)
	at org.gradle.internal.execution.steps.E
xecuteWorkBuildOperationFiringStep.execut
e(ExecuteWorkBuildOperationFiringStep.jav
a:67)
	at org.gradle.internal.execution.steps.E
xecuteWorkBuildOperationFiringStep.execut
e(ExecuteWorkBuildOperationFiringStep.jav
a:39)
	at org.gradle.internal.execution.steps.I
dentityCacheStep.execute(IdentityCacheSte
p.java:46)
	at org.gradle.internal.execution.steps.I
dentityCacheStep.execute(IdentityCacheSte
p.java:34)
	at org.gradle.internal.execution.steps.I
dentifyStep.execute(IdentifyStep.java:48)
	at org.gradle.internal.execution.steps.I
dentifyStep.execute(IdentifyStep.java:35)
	at org.gradle.internal.execution.impl.De
faultExecutionEngine$1.execute(DefaultExe
cutionEngine.java:61)
	at org.gradle.api.internal.tasks.executi
on.ExecuteActionsTaskExecuter.executeIfVa
lid(ExecuteActionsTaskExecuter.java:127)
	at org.gradle.api.internal.tasks.executi
on.ExecuteActionsTaskExecuter.execute(Exe
cuteActionsTaskExecuter.java:116)
	at org.gradle.api.internal.tasks.executi
on.ProblemsTaskPathTrackingTaskExecuter.e
xecute(ProblemsTaskPathTrackingTaskExecut
er.java:40)
	at org.gradle.api.internal.tasks.executi
on.FinalizePropertiesTaskExecuter.execute
(FinalizePropertiesTaskExecuter.java:46)
	at org.gradle.api.internal.tasks.executi
on.ResolveTaskExecutionModeExecuter.execu
te(ResolveTaskExecutionModeExecuter.java:
51)
	at org.gradle.api.internal.tasks.executi
on.SkipTaskWithNoActionsExecuter.execute(
SkipTaskWithNoActionsExecuter.java:57)
	at org.gradle.api.internal.tasks.executi
on.SkipOnlyIfTaskExecuter.execute(SkipOnl
yIfTaskExecuter.java:74)
	at org.gradle.api.internal.tasks.executi
on.CatchExceptionTaskExecuter.execute(Cat
chExceptionTaskExecuter.java:36)
	at org.gradle.api.internal.tasks.executi
on.EventFiringTaskExecuter$1.executeTask(
EventFiringTaskExecuter.java:77)
	at org.gradle.api.internal.tasks.executi
on.EventFiringTaskExecuter$1.call(EventFi
ringTaskExecuter.java:55)
	at org.gradle.api.internal.tasks.executi
on.EventFiringTaskExecuter$1.call(EventFi
ringTaskExecuter.java:52)
	at org.gradle.internal.operations.Defaul
tBuildOperationRunner$CallableBuildOperat
ionWorker.execute(DefaultBuildOperationRu
nner.java:210)
	at org.gradle.internal.operations.Defaul
tBuildOperationRunner$CallableBuildOperat
ionWorker.execute(DefaultBuildOperationRu
nner.java:205)
	at org.gradle.internal.operations.Defaul
tBuildOperationRunner$2.execute(DefaultBu
ildOperationRunner.java:67)

Deprecated Gradle features were used in this build, making it incompatible with Gradle 9.0.

You can use '--warning-mode all' to show the individual deprecation warnings and determine if they come from your own scripts or plugins.

For more on this, please refer to https://docs.gradle.org/8.13/userguide/command_line_interface.html#sec:command_line_warnings in the Gradle documentation.
33 actionable tasks: 2 executed, 31 up-to-date
	at org.gradle.internal.operations.Defaul
tBuildOperationRunner$2.execute(DefaultBu
ildOperationRunner.java:60)
	at org.gradle.internal.operations.Defaul
tBuildOperationRunner.execute(DefaultBuil
dOperationRunner.java:167)
	at org.gradle.internal.operations.Defaul
tBuildOperationRunner.execute(DefaultBuil
dOperationRunner.java:60)
	at org.gradle.internal.operations.Defaul
tBuildOperationRunner.call(DefaultBuildOp
erationRunner.java:54)
	at org.gradle.api.internal.tasks.executi
on.EventFiringTaskExecuter.execute(EventF
iringTaskExecuter.java:52)
	at org.gradle.execution.plan.LocalTaskNo
deExecutor.execute(LocalTaskNodeExecutor.
java:42)
	at org.gradle.execution.taskgraph.Defaul
tTaskExecutionGraph$InvokeNodeExecutorsAc
tion.execute(DefaultTaskExecutionGraph.ja
va:331)
	at org.gradle.execution.taskgraph.Defaul
tTaskExecutionGraph$InvokeNodeExecutorsAc
tion.execute(DefaultTaskExecutionGraph.ja
va:318)
	at org.gradle.execution.taskgraph.Defaul
tTaskExecutionGraph$BuildOperationAwareEx
ecutionAction.lambda$execute$0(DefaultTas
kExecutionGraph.java:314)
	at org.gradle.internal.operations.Curren
tBuildOperationRef.with(CurrentBuildOpera
tionRef.java:85)
	at org.gradle.execution.taskgraph.Defaul
tTaskExecutionGraph$BuildOperationAwareEx
ecutionAction.execute(DefaultTaskExecutio
nGraph.java:314)
	at org.gradle.execution.taskgraph.Defaul
tTaskExecutionGraph$BuildOperationAwareEx
ecutionAction.execute(DefaultTaskExecutio
nGraph.java:303)
	at org.gradle.execution.plan.DefaultPlan
Executor$ExecutorWorker.execute(DefaultPl
anExecutor.java:459)
	at org.gradle.execution.plan.DefaultPlan
Executor$ExecutorWorker.run(DefaultPlanEx
ecutor.java:376)
	at org.gradle.internal.concurrent.Execut
orPolicy$CatchAndRecordFailures.onExecute
(ExecutorPolicy.java:64)
	at org.gradle.internal.concurrent.Abstra
ctManagedExecutor$1.run(AbstractManagedEx
ecutor.java:48)
Caused by: org.jetbrains.kotlin.gradle.ta
sks.CompilationErrorException: Compilatio
n error. See log for more details
	at org.jetbrains.kotlin.gradle.tasks.Tas
ksUtilsKt.throwExceptionIfCompilationFail
ed(tasksUtils.kt:20)
	at org.jetbrains.kotlin.compilerRunner.G
radleKotlinCompilerWork.run(GradleKotlinC
ompilerWork.kt:141)
	at org.jetbrains.kotlin.compilerRunner.G
radleCompilerRunnerWithWorkers$GradleKotl
inCompilerWorkAction.execute(GradleCompil
erRunnerWithWorkers.kt:73)
	at org.gradle.workers.internal.DefaultWo
rkerServer.execute(DefaultWorkerServer.ja
va:63)
	at org.gradle.workers.internal.NoIsolati
onWorkerFactory$1$1.create(NoIsolationWor
kerFactory.java:66)
	at org.gradle.workers.internal.NoIsolati
onWorkerFactory$1$1.create(NoIsolationWor
kerFactory.java:62)
	at org.gradle.internal.classloader.Class
LoaderUtils.executeInClassloader(ClassLoa
derUtils.java:100)
	at org.gradle.workers.internal.NoIsolati
onWorkerFactory$1.lambda$execute$0(NoIsol
ationWorkerFactory.java:62)
	at org.gradle.workers.internal.AbstractW
orker$1.call(AbstractWorker.java:44)
	at org.gradle.workers.internal.AbstractW
orker$1.call(AbstractWorker.java:41)
	at org.gradle.internal.operations.Defaul
tBuildOperationRunner$CallableBuildOperat
ionWorker.execute(DefaultBuildOperationRu
nner.java:210)
	at org.gradle.internal.operations.Defaul
tBuildOperationRunner$CallableBuildOperat
ionWorker.execute(DefaultBuildOperationRu
nner.java:205)
	at org.gradle.internal.operations.Defaul
tBuildOperationRunner$2.execute(DefaultBu
ildOperationRunner.java:67)
	at org.gradle.internal.operations.Defaul
tBuildOperationRunner$2.execute(DefaultBu
ildOperationRunner.java:60)
	at org.gradle.internal.operations.Defaul
tBuildOperationRunner.execute(DefaultBuil
dOperationRunner.java:167)
	at org.gradle.internal.operations.Defaul
tBuildOperationRunner.execute(DefaultBuil
dOperationRunner.java:60)
	at org.gradle.internal.operations.Defaul
tBuildOperationRunner.call(DefaultBuildOp
erationRunner.java:54)
	at org.gradle.workers.internal.AbstractW
orker.executeWrappedInBuildOperation(Abst
ractWorker.java:41)
	at org.gradle.workers.internal.NoIsolati
onWorkerFactory$1.execute(NoIsolationWork
erFactory.java:59)
	at org.gradle.workers.internal.DefaultWo
rkerExecutor.lambda$submitWork$0(DefaultW
orkerExecutor.java:174)
	at org.gradle.internal.work.DefaultCondi
tionalExecutionQueue$ExecutionRunner.runE
xecution(DefaultConditionalExecutionQueue
.java:194)
	at org.gradle.internal.work.DefaultCondi
tionalExecutionQueue$ExecutionRunner.acce
ss$700(DefaultConditionalExecutionQueue.j
ava:127)
	at org.gradle.internal.work.DefaultCondi
tionalExecutionQueue$ExecutionRunner$1.ru
n(DefaultConditionalExecutionQueue.java:1
69)
	at org.gradle.internal.Factories$1.creat
e(Factories.java:31)
	at org.gradle.internal.work.DefaultWorke
rLeaseService.withLocks(DefaultWorkerLeas
eService.java:263)
	at org.gradle.internal.work.DefaultWorke
rLeaseService.runAsWorkerThread(DefaultWo
rkerLeaseService.java:127)
	at org.gradle.internal.work.DefaultWorke
rLeaseService.runAsWorkerThread(DefaultWo
rkerLeaseService.java:132)
	at org.gradle.internal.work.DefaultCondi
tionalExecutionQueue$ExecutionRunner.runB
atch(DefaultConditionalExecutionQueue.jav
a:164)
	at org.gradle.internal.work.DefaultCondi
tionalExecutionQueue$ExecutionRunner.run(
DefaultConditionalExecutionQueue.java:133
)
	... 2 more


BUILD FAILED in 19s
